{
  "stats": {
    "suites": 6,
    "tests": 14,
    "passes": 14,
    "pending": 0,
    "failures": 0,
    "start": "2017-02-09T11:24:58.138Z",
    "end": "2017-02-09T11:24:58.179Z",
    "duration": 41,
    "testsRegistered": 14,
    "passPercent": 100,
    "pendingPercent": 0,
    "other": 0,
    "hasOther": false,
    "skipped": 0,
    "hasSkipped": false,
    "passPercentClass": "success",
    "pendingPercentClass": "danger"
  },
  "suites": {
    "title": "",
    "suites": [
      {
        "title": "Posts Action",
        "suites": [],
        "tests": [
          {
            "title": "state输出正常",
            "fullTitle": "Posts Action state输出正常",
            "timedOut": false,
            "duration": 8,
            "state": "passed",
            "speed": "fast",
            "pass": true,
            "fail": false,
            "pending": false,
            "code": "var state = posts_1.updatePostsP(1, \"1\");\nstate.should.be.an.Object();\nstate.types.should.eql([\"UPDATE_POSTS_REQUEST\", \"UPDATE_POSTS\", \"UPDATE_POSTS_FAILURE\"]);\nshould(state.promise()).be.Object().and.be.a.Promise();",
            "err": {},
            "isRoot": false,
            "uuid": "3e8005fb-bab2-4ec9-8ac6-d692b2b2ce06",
            "parentUUID": "0d033c0b-1b8c-4685-9869-75a2c98f88e9",
            "skipped": false
          }
        ],
        "pending": [],
        "root": false,
        "_timeout": 2000,
        "file": "/test/actions/posts.test.ts",
        "uuid": "0d033c0b-1b8c-4685-9869-75a2c98f88e9",
        "fullFile": "/home/huaji/Project/hexo-theme-design/test/actions/posts.test.ts",
        "passes": [
          {
            "title": "state输出正常",
            "fullTitle": "Posts Action state输出正常",
            "timedOut": false,
            "duration": 8,
            "state": "passed",
            "speed": "fast",
            "pass": true,
            "fail": false,
            "pending": false,
            "code": "var state = posts_1.updatePostsP(1, \"1\");\nstate.should.be.an.Object();\nstate.types.should.eql([\"UPDATE_POSTS_REQUEST\", \"UPDATE_POSTS\", \"UPDATE_POSTS_FAILURE\"]);\nshould(state.promise()).be.Object().and.be.a.Promise();",
            "err": {},
            "isRoot": false,
            "uuid": "3e8005fb-bab2-4ec9-8ac6-d692b2b2ce06",
            "parentUUID": "0d033c0b-1b8c-4685-9869-75a2c98f88e9",
            "skipped": false
          }
        ],
        "failures": [],
        "skipped": [],
        "hasTests": true,
        "hasSuites": false,
        "totalTests": 1,
        "totalPasses": 1,
        "totalFailures": 0,
        "totalPending": 0,
        "totalSkipped": 0,
        "hasPasses": true,
        "hasFailures": false,
        "hasPending": false,
        "hasSkipped": false,
        "duration": 8
      },
      {
        "title": "Theme Action",
        "suites": [],
        "tests": [
          {
            "title": "改变mui主题",
            "fullTitle": "Theme Action 改变mui主题",
            "timedOut": false,
            "duration": 1,
            "state": "passed",
            "speed": "fast",
            "pass": true,
            "fail": false,
            "pending": false,
            "code": "var state = theme_1.changeMuiTheme(null);\nstate.should.be.an.Object();\nstate.should.eql({\n    type: 'CHANGE_MUI_THEME',\n    muiTheme: null\n});",
            "err": {},
            "isRoot": false,
            "uuid": "5cb36f64-3f15-4c79-9257-702886169252",
            "parentUUID": "21934e64-2a0d-49c5-bfa9-ae42aedc8287",
            "skipped": false
          },
          {
            "title": "改变主题设置",
            "fullTitle": "Theme Action 改变主题设置",
            "timedOut": false,
            "duration": 0,
            "state": "passed",
            "speed": "fast",
            "pass": true,
            "fail": false,
            "pending": false,
            "code": "let state = theme_1.changeTheme({\n    uiux: {\n        slogan: '123'\n    }\n});\nstate.should.be.an.Object();\nstate.should.eql({\n    type: 'CHANGE_THEME',\n    theme: {\n        uiux: {\n            slogan: '123'\n        }\n    }\n});",
            "err": {},
            "isRoot": false,
            "uuid": "f4711168-65eb-438d-8882-132f17bc4fa4",
            "parentUUID": "21934e64-2a0d-49c5-bfa9-ae42aedc8287",
            "skipped": false
          }
        ],
        "pending": [],
        "root": false,
        "_timeout": 2000,
        "file": "/test/actions/theme.test.ts",
        "uuid": "21934e64-2a0d-49c5-bfa9-ae42aedc8287",
        "fullFile": "/home/huaji/Project/hexo-theme-design/test/actions/theme.test.ts",
        "passes": [
          {
            "title": "改变mui主题",
            "fullTitle": "Theme Action 改变mui主题",
            "timedOut": false,
            "duration": 1,
            "state": "passed",
            "speed": "fast",
            "pass": true,
            "fail": false,
            "pending": false,
            "code": "var state = theme_1.changeMuiTheme(null);\nstate.should.be.an.Object();\nstate.should.eql({\n    type: 'CHANGE_MUI_THEME',\n    muiTheme: null\n});",
            "err": {},
            "isRoot": false,
            "uuid": "5cb36f64-3f15-4c79-9257-702886169252",
            "parentUUID": "21934e64-2a0d-49c5-bfa9-ae42aedc8287",
            "skipped": false
          },
          {
            "title": "改变主题设置",
            "fullTitle": "Theme Action 改变主题设置",
            "timedOut": false,
            "duration": 0,
            "state": "passed",
            "speed": "fast",
            "pass": true,
            "fail": false,
            "pending": false,
            "code": "let state = theme_1.changeTheme({\n    uiux: {\n        slogan: '123'\n    }\n});\nstate.should.be.an.Object();\nstate.should.eql({\n    type: 'CHANGE_THEME',\n    theme: {\n        uiux: {\n            slogan: '123'\n        }\n    }\n});",
            "err": {},
            "isRoot": false,
            "uuid": "f4711168-65eb-438d-8882-132f17bc4fa4",
            "parentUUID": "21934e64-2a0d-49c5-bfa9-ae42aedc8287",
            "skipped": false
          }
        ],
        "failures": [],
        "skipped": [],
        "hasTests": true,
        "hasSuites": false,
        "totalTests": 2,
        "totalPasses": 2,
        "totalFailures": 0,
        "totalPending": 0,
        "totalSkipped": 0,
        "hasPasses": true,
        "hasFailures": false,
        "hasPending": false,
        "hasSkipped": false,
        "duration": 1
      },
      {
        "title": "Theme lib",
        "suites": [],
        "tests": [
          {
            "title": "数组随机",
            "fullTitle": "Theme lib 数组随机",
            "timedOut": false,
            "duration": 4,
            "state": "passed",
            "speed": "fast",
            "pass": true,
            "fail": false,
            "pending": false,
            "code": "should(random_1.array_randS([1, 2, 3])).be.a.Number().and.is.oneOf([1, 2, 3]);",
            "err": {},
            "isRoot": false,
            "uuid": "6737e2a4-ec62-420f-b6c5-71b092ec7a57",
            "parentUUID": "5168e9fa-81c6-4604-9c85-d6e6b0c96ba5",
            "skipped": false
          },
          {
            "title": "数组一样结果一样",
            "fullTitle": "Theme lib 数组一样结果一样",
            "timedOut": false,
            "duration": 3,
            "state": "passed",
            "speed": "fast",
            "pass": true,
            "fail": false,
            "pending": false,
            "code": "let a = random_1.array_randS([1, 2, 3]);\nlet b = random_1.array_randS([1, 2, 3]);\nshould(a).equal(b).and.oneOf([1, 2, 3]);\nrandom_1.resetSeed();\nlet c = random_1.array_randS([4, 5, 6]);\nlet d = random_1.array_randS([4, 5, 6]);\nshould(c).equal(d).and.oneOf([4, 5, 6]);",
            "err": {},
            "isRoot": false,
            "uuid": "0da9cc02-c183-4e7a-87ee-8a6ac5e79b37",
            "parentUUID": "5168e9fa-81c6-4604-9c85-d6e6b0c96ba5",
            "skipped": false
          }
        ],
        "pending": [],
        "root": false,
        "_timeout": 2000,
        "file": "/test/lib/random.test.ts",
        "uuid": "5168e9fa-81c6-4604-9c85-d6e6b0c96ba5",
        "fullFile": "/home/huaji/Project/hexo-theme-design/test/lib/random.test.ts",
        "passes": [
          {
            "title": "数组随机",
            "fullTitle": "Theme lib 数组随机",
            "timedOut": false,
            "duration": 4,
            "state": "passed",
            "speed": "fast",
            "pass": true,
            "fail": false,
            "pending": false,
            "code": "should(random_1.array_randS([1, 2, 3])).be.a.Number().and.is.oneOf([1, 2, 3]);",
            "err": {},
            "isRoot": false,
            "uuid": "6737e2a4-ec62-420f-b6c5-71b092ec7a57",
            "parentUUID": "5168e9fa-81c6-4604-9c85-d6e6b0c96ba5",
            "skipped": false
          },
          {
            "title": "数组一样结果一样",
            "fullTitle": "Theme lib 数组一样结果一样",
            "timedOut": false,
            "duration": 3,
            "state": "passed",
            "speed": "fast",
            "pass": true,
            "fail": false,
            "pending": false,
            "code": "let a = random_1.array_randS([1, 2, 3]);\nlet b = random_1.array_randS([1, 2, 3]);\nshould(a).equal(b).and.oneOf([1, 2, 3]);\nrandom_1.resetSeed();\nlet c = random_1.array_randS([4, 5, 6]);\nlet d = random_1.array_randS([4, 5, 6]);\nshould(c).equal(d).and.oneOf([4, 5, 6]);",
            "err": {},
            "isRoot": false,
            "uuid": "0da9cc02-c183-4e7a-87ee-8a6ac5e79b37",
            "parentUUID": "5168e9fa-81c6-4604-9c85-d6e6b0c96ba5",
            "skipped": false
          }
        ],
        "failures": [],
        "skipped": [],
        "hasTests": true,
        "hasSuites": false,
        "totalTests": 2,
        "totalPasses": 2,
        "totalFailures": 0,
        "totalPending": 0,
        "totalSkipped": 0,
        "hasPasses": true,
        "hasFailures": false,
        "hasPending": false,
        "hasSkipped": false,
        "duration": 7
      },
      {
        "title": "Posts Reducers",
        "suites": [],
        "tests": [
          {
            "title": "不输出undefined",
            "fullTitle": "Posts Reducers 不输出undefined",
            "timedOut": false,
            "duration": 0,
            "state": "passed",
            "speed": "fast",
            "pass": true,
            "fail": false,
            "pending": false,
            "code": "should(posts_1.default(undefined, undefined)).be.an.Object();",
            "err": {},
            "isRoot": false,
            "uuid": "b53aec27-8030-4b2f-a97a-b5a3947a825f",
            "parentUUID": "2e10478b-095f-4881-9b80-e1dbe6a79ff0",
            "skipped": false
          },
          {
            "title": "请求状态",
            "fullTitle": "Posts Reducers 请求状态",
            "timedOut": false,
            "duration": 0,
            "state": "passed",
            "speed": "fast",
            "pass": true,
            "fail": false,
            "pending": false,
            "code": "let res = posts_1.default(undefined, {\n    type: 'UPDATE_POSTS_REQUEST'\n});\nshould(res.err).not.be.ok();\nshould(res.loading).be.ok();",
            "err": {},
            "isRoot": false,
            "uuid": "2928e17f-808a-4804-9c30-35a091374747",
            "parentUUID": "2e10478b-095f-4881-9b80-e1dbe6a79ff0",
            "skipped": false
          },
          {
            "title": "err状态",
            "fullTitle": "Posts Reducers err状态",
            "timedOut": false,
            "duration": 0,
            "state": "passed",
            "speed": "fast",
            "pass": true,
            "fail": false,
            "pending": false,
            "code": "let res = posts_1.default(undefined, {\n    type: 'UPDATE_POSTS_FAILURE'\n});\nshould(res.err).be.ok();\nshould(res.loading).not.ok();",
            "err": {},
            "isRoot": false,
            "uuid": "8f2e08c4-8286-492e-bdd3-6ae81ff342fb",
            "parentUUID": "2e10478b-095f-4881-9b80-e1dbe6a79ff0",
            "skipped": false
          },
          {
            "title": "更新posts列表",
            "fullTitle": "Posts Reducers 更新posts列表",
            "timedOut": false,
            "duration": 3,
            "state": "passed",
            "speed": "fast",
            "pass": true,
            "fail": false,
            "pending": false,
            "code": "let actionPosts = {\n    total: 12,\n    pageSize: 4,\n    pageCount: 3,\n    pageIndex: 1,\n    data: [\n        {\n            title: '123'\n        },\n        {\n            title: '321'\n        },\n        {\n            title: '123456'\n        },\n        {\n            title: '654321'\n        }\n    ]\n};\nlet res = posts_1.default(undefined, {\n    type: 'UPDATE_POSTS',\n    result: actionPosts\n});\nres.apiPageSize.should.be.equal(4);\nres.total.should.be.equal(12);\nshould(res.postsList[3]).be.undefined();\nres.postsList[4].should.eql({ title: '123' });\nres.postsList[5].should.eql({ title: '321' });\nres.postsList[6].should.eql({ title: '123456' });\nres.postsList[7].should.eql({ title: '654321' });\nshould(res.err).not.ok();\nshould(res.loading).not.ok();\nres = posts_1.default({\n    total: 13,\n    loading: true,\n    err: false,\n    apiPageSize: 10,\n    postsList: [\n        {\n            title: '123'\n        },\n        {\n            title: '321'\n        },\n        {\n            title: '123456'\n        },\n        {\n            title: '654321'\n        }\n    ]\n}, {\n    type: 'UPDATE_POSTS',\n    result: actionPosts\n});\nres.apiPageSize.should.be.equal(4);\nres.total.should.be.equal(12);\nres.postsList.should.eql([\n    {\n        title: '123'\n    },\n    {\n        title: '321'\n    },\n    {\n        title: '123456'\n    },\n    {\n        title: '654321'\n    },\n    {\n        title: '123'\n    },\n    {\n        title: '321'\n    },\n    {\n        title: '123456'\n    },\n    {\n        title: '654321'\n    }\n]);\nshould(res.err).not.ok();\nshould(res.loading).not.ok();",
            "err": {},
            "isRoot": false,
            "uuid": "11f5aec6-c7ba-4dde-9f4b-f19314167c21",
            "parentUUID": "2e10478b-095f-4881-9b80-e1dbe6a79ff0",
            "skipped": false
          }
        ],
        "pending": [],
        "root": false,
        "_timeout": 2000,
        "file": "/test/reducers/posts.test.ts",
        "uuid": "2e10478b-095f-4881-9b80-e1dbe6a79ff0",
        "fullFile": "/home/huaji/Project/hexo-theme-design/test/reducers/posts.test.ts",
        "passes": [
          {
            "title": "不输出undefined",
            "fullTitle": "Posts Reducers 不输出undefined",
            "timedOut": false,
            "duration": 0,
            "state": "passed",
            "speed": "fast",
            "pass": true,
            "fail": false,
            "pending": false,
            "code": "should(posts_1.default(undefined, undefined)).be.an.Object();",
            "err": {},
            "isRoot": false,
            "uuid": "b53aec27-8030-4b2f-a97a-b5a3947a825f",
            "parentUUID": "2e10478b-095f-4881-9b80-e1dbe6a79ff0",
            "skipped": false
          },
          {
            "title": "请求状态",
            "fullTitle": "Posts Reducers 请求状态",
            "timedOut": false,
            "duration": 0,
            "state": "passed",
            "speed": "fast",
            "pass": true,
            "fail": false,
            "pending": false,
            "code": "let res = posts_1.default(undefined, {\n    type: 'UPDATE_POSTS_REQUEST'\n});\nshould(res.err).not.be.ok();\nshould(res.loading).be.ok();",
            "err": {},
            "isRoot": false,
            "uuid": "2928e17f-808a-4804-9c30-35a091374747",
            "parentUUID": "2e10478b-095f-4881-9b80-e1dbe6a79ff0",
            "skipped": false
          },
          {
            "title": "err状态",
            "fullTitle": "Posts Reducers err状态",
            "timedOut": false,
            "duration": 0,
            "state": "passed",
            "speed": "fast",
            "pass": true,
            "fail": false,
            "pending": false,
            "code": "let res = posts_1.default(undefined, {\n    type: 'UPDATE_POSTS_FAILURE'\n});\nshould(res.err).be.ok();\nshould(res.loading).not.ok();",
            "err": {},
            "isRoot": false,
            "uuid": "8f2e08c4-8286-492e-bdd3-6ae81ff342fb",
            "parentUUID": "2e10478b-095f-4881-9b80-e1dbe6a79ff0",
            "skipped": false
          },
          {
            "title": "更新posts列表",
            "fullTitle": "Posts Reducers 更新posts列表",
            "timedOut": false,
            "duration": 3,
            "state": "passed",
            "speed": "fast",
            "pass": true,
            "fail": false,
            "pending": false,
            "code": "let actionPosts = {\n    total: 12,\n    pageSize: 4,\n    pageCount: 3,\n    pageIndex: 1,\n    data: [\n        {\n            title: '123'\n        },\n        {\n            title: '321'\n        },\n        {\n            title: '123456'\n        },\n        {\n            title: '654321'\n        }\n    ]\n};\nlet res = posts_1.default(undefined, {\n    type: 'UPDATE_POSTS',\n    result: actionPosts\n});\nres.apiPageSize.should.be.equal(4);\nres.total.should.be.equal(12);\nshould(res.postsList[3]).be.undefined();\nres.postsList[4].should.eql({ title: '123' });\nres.postsList[5].should.eql({ title: '321' });\nres.postsList[6].should.eql({ title: '123456' });\nres.postsList[7].should.eql({ title: '654321' });\nshould(res.err).not.ok();\nshould(res.loading).not.ok();\nres = posts_1.default({\n    total: 13,\n    loading: true,\n    err: false,\n    apiPageSize: 10,\n    postsList: [\n        {\n            title: '123'\n        },\n        {\n            title: '321'\n        },\n        {\n            title: '123456'\n        },\n        {\n            title: '654321'\n        }\n    ]\n}, {\n    type: 'UPDATE_POSTS',\n    result: actionPosts\n});\nres.apiPageSize.should.be.equal(4);\nres.total.should.be.equal(12);\nres.postsList.should.eql([\n    {\n        title: '123'\n    },\n    {\n        title: '321'\n    },\n    {\n        title: '123456'\n    },\n    {\n        title: '654321'\n    },\n    {\n        title: '123'\n    },\n    {\n        title: '321'\n    },\n    {\n        title: '123456'\n    },\n    {\n        title: '654321'\n    }\n]);\nshould(res.err).not.ok();\nshould(res.loading).not.ok();",
            "err": {},
            "isRoot": false,
            "uuid": "11f5aec6-c7ba-4dde-9f4b-f19314167c21",
            "parentUUID": "2e10478b-095f-4881-9b80-e1dbe6a79ff0",
            "skipped": false
          }
        ],
        "failures": [],
        "skipped": [],
        "hasTests": true,
        "hasSuites": false,
        "totalTests": 4,
        "totalPasses": 4,
        "totalFailures": 0,
        "totalPending": 0,
        "totalSkipped": 0,
        "hasPasses": true,
        "hasFailures": false,
        "hasPending": false,
        "hasSkipped": false,
        "duration": 3
      },
      {
        "title": "Site Reducers",
        "suites": [],
        "tests": [
          {
            "title": "不输出undefined",
            "fullTitle": "Site Reducers 不输出undefined",
            "timedOut": false,
            "duration": 0,
            "state": "passed",
            "speed": "fast",
            "pass": true,
            "fail": false,
            "pending": false,
            "code": "should(site_1.default(undefined, undefined)).be.an.Object();",
            "err": {},
            "isRoot": false,
            "uuid": "29c8b990-64ba-46a5-a25f-74b989ac29b7",
            "parentUUID": "93053ae1-f336-4a1a-b8e2-d5eab9239b3f",
            "skipped": false
          },
          {
            "title": "改变state",
            "fullTitle": "Site Reducers 改变state",
            "timedOut": false,
            "duration": 1,
            "state": "passed",
            "speed": "fast",
            "pass": true,
            "fail": false,
            "pending": false,
            "code": "should(site_1.default({ title: '321' }, {\n    type: 'CHANGE_SITE',\n    date: {\n        title: '123'\n    }\n})).be.an.Object().and.be.eql({ title: '123' });",
            "err": {},
            "isRoot": false,
            "uuid": "66eac42f-2f32-419a-a646-77037bf18197",
            "parentUUID": "93053ae1-f336-4a1a-b8e2-d5eab9239b3f",
            "skipped": false
          }
        ],
        "pending": [],
        "root": false,
        "_timeout": 2000,
        "file": "/test/reducers/site.test.ts",
        "uuid": "93053ae1-f336-4a1a-b8e2-d5eab9239b3f",
        "fullFile": "/home/huaji/Project/hexo-theme-design/test/reducers/site.test.ts",
        "passes": [
          {
            "title": "不输出undefined",
            "fullTitle": "Site Reducers 不输出undefined",
            "timedOut": false,
            "duration": 0,
            "state": "passed",
            "speed": "fast",
            "pass": true,
            "fail": false,
            "pending": false,
            "code": "should(site_1.default(undefined, undefined)).be.an.Object();",
            "err": {},
            "isRoot": false,
            "uuid": "29c8b990-64ba-46a5-a25f-74b989ac29b7",
            "parentUUID": "93053ae1-f336-4a1a-b8e2-d5eab9239b3f",
            "skipped": false
          },
          {
            "title": "改变state",
            "fullTitle": "Site Reducers 改变state",
            "timedOut": false,
            "duration": 1,
            "state": "passed",
            "speed": "fast",
            "pass": true,
            "fail": false,
            "pending": false,
            "code": "should(site_1.default({ title: '321' }, {\n    type: 'CHANGE_SITE',\n    date: {\n        title: '123'\n    }\n})).be.an.Object().and.be.eql({ title: '123' });",
            "err": {},
            "isRoot": false,
            "uuid": "66eac42f-2f32-419a-a646-77037bf18197",
            "parentUUID": "93053ae1-f336-4a1a-b8e2-d5eab9239b3f",
            "skipped": false
          }
        ],
        "failures": [],
        "skipped": [],
        "hasTests": true,
        "hasSuites": false,
        "totalTests": 2,
        "totalPasses": 2,
        "totalFailures": 0,
        "totalPending": 0,
        "totalSkipped": 0,
        "hasPasses": true,
        "hasFailures": false,
        "hasPending": false,
        "hasSkipped": false,
        "duration": 1
      },
      {
        "title": "Theme Reducers",
        "suites": [],
        "tests": [
          {
            "title": "不输出undefined",
            "fullTitle": "Theme Reducers 不输出undefined",
            "timedOut": false,
            "duration": 1,
            "state": "passed",
            "speed": "fast",
            "pass": true,
            "fail": false,
            "pending": false,
            "code": "should(theme_1.default(undefined, undefined)).be.an.Object();",
            "err": {},
            "isRoot": false,
            "uuid": "85d36238-c841-4e0b-bba6-1f67ce5b7d04",
            "parentUUID": "7788b6f0-796f-4d14-a67d-b108fc39ea6b",
            "skipped": false
          },
          {
            "title": "改变state - CHANGE_MUI_THEME",
            "fullTitle": "Theme Reducers 改变state - CHANGE_MUI_THEME",
            "timedOut": false,
            "duration": 1,
            "state": "passed",
            "speed": "fast",
            "pass": true,
            "fail": false,
            "pending": false,
            "code": "should(theme_1.default({ muiTheme: { fontFamily: \"321\" } }, {\n    type: 'CHANGE_MUI_THEME',\n    muiTheme: {\n        fontFamily: \"123\"\n    }\n})).be.an.Object().and.be.eql({ muiTheme: { fontFamily: \"123\" } });",
            "err": {},
            "isRoot": false,
            "uuid": "74d2109c-7e71-4456-b91a-aecc1f0fa414",
            "parentUUID": "7788b6f0-796f-4d14-a67d-b108fc39ea6b",
            "skipped": false
          },
          {
            "title": "改变state - CHANGE_THEME",
            "fullTitle": "Theme Reducers 改变state - CHANGE_THEME",
            "timedOut": false,
            "duration": 1,
            "state": "passed",
            "speed": "fast",
            "pass": true,
            "fail": false,
            "pending": false,
            "code": "should(theme_1.default({\n    muiTheme: { fontFamily: \"321\" },\n    uiux: {\n        slogan: '321'\n    }\n}, {\n    type: 'CHANGE_THEME',\n    theme: {\n        uiux: {\n            slogan: '123'\n        }\n    }\n})).be.an.Object().and.be.eql({\n    muiTheme: {\n        fontFamily: \"321\",\n    },\n    uiux: {\n        slogan: '123'\n    }\n});",
            "err": {},
            "isRoot": false,
            "uuid": "639283fd-2c41-4252-9aaa-f5b85b91aa0c",
            "parentUUID": "7788b6f0-796f-4d14-a67d-b108fc39ea6b",
            "skipped": false
          }
        ],
        "pending": [],
        "root": false,
        "_timeout": 2000,
        "file": "/test/reducers/theme.test.ts",
        "uuid": "7788b6f0-796f-4d14-a67d-b108fc39ea6b",
        "fullFile": "/home/huaji/Project/hexo-theme-design/test/reducers/theme.test.ts",
        "passes": [
          {
            "title": "不输出undefined",
            "fullTitle": "Theme Reducers 不输出undefined",
            "timedOut": false,
            "duration": 1,
            "state": "passed",
            "speed": "fast",
            "pass": true,
            "fail": false,
            "pending": false,
            "code": "should(theme_1.default(undefined, undefined)).be.an.Object();",
            "err": {},
            "isRoot": false,
            "uuid": "85d36238-c841-4e0b-bba6-1f67ce5b7d04",
            "parentUUID": "7788b6f0-796f-4d14-a67d-b108fc39ea6b",
            "skipped": false
          },
          {
            "title": "改变state - CHANGE_MUI_THEME",
            "fullTitle": "Theme Reducers 改变state - CHANGE_MUI_THEME",
            "timedOut": false,
            "duration": 1,
            "state": "passed",
            "speed": "fast",
            "pass": true,
            "fail": false,
            "pending": false,
            "code": "should(theme_1.default({ muiTheme: { fontFamily: \"321\" } }, {\n    type: 'CHANGE_MUI_THEME',\n    muiTheme: {\n        fontFamily: \"123\"\n    }\n})).be.an.Object().and.be.eql({ muiTheme: { fontFamily: \"123\" } });",
            "err": {},
            "isRoot": false,
            "uuid": "74d2109c-7e71-4456-b91a-aecc1f0fa414",
            "parentUUID": "7788b6f0-796f-4d14-a67d-b108fc39ea6b",
            "skipped": false
          },
          {
            "title": "改变state - CHANGE_THEME",
            "fullTitle": "Theme Reducers 改变state - CHANGE_THEME",
            "timedOut": false,
            "duration": 1,
            "state": "passed",
            "speed": "fast",
            "pass": true,
            "fail": false,
            "pending": false,
            "code": "should(theme_1.default({\n    muiTheme: { fontFamily: \"321\" },\n    uiux: {\n        slogan: '321'\n    }\n}, {\n    type: 'CHANGE_THEME',\n    theme: {\n        uiux: {\n            slogan: '123'\n        }\n    }\n})).be.an.Object().and.be.eql({\n    muiTheme: {\n        fontFamily: \"321\",\n    },\n    uiux: {\n        slogan: '123'\n    }\n});",
            "err": {},
            "isRoot": false,
            "uuid": "639283fd-2c41-4252-9aaa-f5b85b91aa0c",
            "parentUUID": "7788b6f0-796f-4d14-a67d-b108fc39ea6b",
            "skipped": false
          }
        ],
        "failures": [],
        "skipped": [],
        "hasTests": true,
        "hasSuites": false,
        "totalTests": 3,
        "totalPasses": 3,
        "totalFailures": 0,
        "totalPending": 0,
        "totalSkipped": 0,
        "hasPasses": true,
        "hasFailures": false,
        "hasPending": false,
        "hasSkipped": false,
        "duration": 3
      }
    ],
    "tests": [],
    "pending": [],
    "root": true,
    "_timeout": 2000,
    "uuid": "74f786b8-ab80-469e-bc26-31de836c2f42",
    "fullFile": "",
    "file": "",
    "passes": [],
    "failures": [],
    "skipped": [],
    "hasTests": false,
    "hasSuites": true,
    "totalTests": 0,
    "totalPasses": 0,
    "totalFailures": 0,
    "totalPending": 0,
    "totalSkipped": 0,
    "hasPasses": false,
    "hasFailures": false,
    "hasPending": false,
    "hasSkipped": false,
    "duration": 0,
    "rootEmpty": true
  },
  "allTests": [
    {
      "title": "state输出正常",
      "fullTitle": "Posts Action state输出正常",
      "timedOut": false,
      "duration": 8,
      "state": "passed",
      "speed": "fast",
      "pass": true,
      "fail": false,
      "pending": false,
      "code": "var state = posts_1.updatePostsP(1, \"1\");\nstate.should.be.an.Object();\nstate.types.should.eql([\"UPDATE_POSTS_REQUEST\", \"UPDATE_POSTS\", \"UPDATE_POSTS_FAILURE\"]);\nshould(state.promise()).be.Object().and.be.a.Promise();",
      "err": {},
      "isRoot": false,
      "uuid": "3e8005fb-bab2-4ec9-8ac6-d692b2b2ce06",
      "parentUUID": "0d033c0b-1b8c-4685-9869-75a2c98f88e9",
      "skipped": false
    },
    {
      "title": "改变mui主题",
      "fullTitle": "Theme Action 改变mui主题",
      "timedOut": false,
      "duration": 1,
      "state": "passed",
      "speed": "fast",
      "pass": true,
      "fail": false,
      "pending": false,
      "code": "var state = theme_1.changeMuiTheme(null);\nstate.should.be.an.Object();\nstate.should.eql({\n    type: 'CHANGE_MUI_THEME',\n    muiTheme: null\n});",
      "err": {},
      "isRoot": false,
      "uuid": "5cb36f64-3f15-4c79-9257-702886169252",
      "parentUUID": "21934e64-2a0d-49c5-bfa9-ae42aedc8287",
      "skipped": false
    },
    {
      "title": "改变主题设置",
      "fullTitle": "Theme Action 改变主题设置",
      "timedOut": false,
      "duration": 0,
      "state": "passed",
      "speed": "fast",
      "pass": true,
      "fail": false,
      "pending": false,
      "code": "let state = theme_1.changeTheme({\n    uiux: {\n        slogan: '123'\n    }\n});\nstate.should.be.an.Object();\nstate.should.eql({\n    type: 'CHANGE_THEME',\n    theme: {\n        uiux: {\n            slogan: '123'\n        }\n    }\n});",
      "err": {},
      "isRoot": false,
      "uuid": "f4711168-65eb-438d-8882-132f17bc4fa4",
      "parentUUID": "21934e64-2a0d-49c5-bfa9-ae42aedc8287",
      "skipped": false
    },
    {
      "title": "数组随机",
      "fullTitle": "Theme lib 数组随机",
      "timedOut": false,
      "duration": 4,
      "state": "passed",
      "speed": "fast",
      "pass": true,
      "fail": false,
      "pending": false,
      "code": "should(random_1.array_randS([1, 2, 3])).be.a.Number().and.is.oneOf([1, 2, 3]);",
      "err": {},
      "isRoot": false,
      "uuid": "6737e2a4-ec62-420f-b6c5-71b092ec7a57",
      "parentUUID": "5168e9fa-81c6-4604-9c85-d6e6b0c96ba5",
      "skipped": false
    },
    {
      "title": "数组一样结果一样",
      "fullTitle": "Theme lib 数组一样结果一样",
      "timedOut": false,
      "duration": 3,
      "state": "passed",
      "speed": "fast",
      "pass": true,
      "fail": false,
      "pending": false,
      "code": "let a = random_1.array_randS([1, 2, 3]);\nlet b = random_1.array_randS([1, 2, 3]);\nshould(a).equal(b).and.oneOf([1, 2, 3]);\nrandom_1.resetSeed();\nlet c = random_1.array_randS([4, 5, 6]);\nlet d = random_1.array_randS([4, 5, 6]);\nshould(c).equal(d).and.oneOf([4, 5, 6]);",
      "err": {},
      "isRoot": false,
      "uuid": "0da9cc02-c183-4e7a-87ee-8a6ac5e79b37",
      "parentUUID": "5168e9fa-81c6-4604-9c85-d6e6b0c96ba5",
      "skipped": false
    },
    {
      "title": "不输出undefined",
      "fullTitle": "Posts Reducers 不输出undefined",
      "timedOut": false,
      "duration": 0,
      "state": "passed",
      "speed": "fast",
      "pass": true,
      "fail": false,
      "pending": false,
      "code": "should(posts_1.default(undefined, undefined)).be.an.Object();",
      "err": {},
      "isRoot": false,
      "uuid": "b53aec27-8030-4b2f-a97a-b5a3947a825f",
      "parentUUID": "2e10478b-095f-4881-9b80-e1dbe6a79ff0",
      "skipped": false
    },
    {
      "title": "请求状态",
      "fullTitle": "Posts Reducers 请求状态",
      "timedOut": false,
      "duration": 0,
      "state": "passed",
      "speed": "fast",
      "pass": true,
      "fail": false,
      "pending": false,
      "code": "let res = posts_1.default(undefined, {\n    type: 'UPDATE_POSTS_REQUEST'\n});\nshould(res.err).not.be.ok();\nshould(res.loading).be.ok();",
      "err": {},
      "isRoot": false,
      "uuid": "2928e17f-808a-4804-9c30-35a091374747",
      "parentUUID": "2e10478b-095f-4881-9b80-e1dbe6a79ff0",
      "skipped": false
    },
    {
      "title": "err状态",
      "fullTitle": "Posts Reducers err状态",
      "timedOut": false,
      "duration": 0,
      "state": "passed",
      "speed": "fast",
      "pass": true,
      "fail": false,
      "pending": false,
      "code": "let res = posts_1.default(undefined, {\n    type: 'UPDATE_POSTS_FAILURE'\n});\nshould(res.err).be.ok();\nshould(res.loading).not.ok();",
      "err": {},
      "isRoot": false,
      "uuid": "8f2e08c4-8286-492e-bdd3-6ae81ff342fb",
      "parentUUID": "2e10478b-095f-4881-9b80-e1dbe6a79ff0",
      "skipped": false
    },
    {
      "title": "更新posts列表",
      "fullTitle": "Posts Reducers 更新posts列表",
      "timedOut": false,
      "duration": 3,
      "state": "passed",
      "speed": "fast",
      "pass": true,
      "fail": false,
      "pending": false,
      "code": "let actionPosts = {\n    total: 12,\n    pageSize: 4,\n    pageCount: 3,\n    pageIndex: 1,\n    data: [\n        {\n            title: '123'\n        },\n        {\n            title: '321'\n        },\n        {\n            title: '123456'\n        },\n        {\n            title: '654321'\n        }\n    ]\n};\nlet res = posts_1.default(undefined, {\n    type: 'UPDATE_POSTS',\n    result: actionPosts\n});\nres.apiPageSize.should.be.equal(4);\nres.total.should.be.equal(12);\nshould(res.postsList[3]).be.undefined();\nres.postsList[4].should.eql({ title: '123' });\nres.postsList[5].should.eql({ title: '321' });\nres.postsList[6].should.eql({ title: '123456' });\nres.postsList[7].should.eql({ title: '654321' });\nshould(res.err).not.ok();\nshould(res.loading).not.ok();\nres = posts_1.default({\n    total: 13,\n    loading: true,\n    err: false,\n    apiPageSize: 10,\n    postsList: [\n        {\n            title: '123'\n        },\n        {\n            title: '321'\n        },\n        {\n            title: '123456'\n        },\n        {\n            title: '654321'\n        }\n    ]\n}, {\n    type: 'UPDATE_POSTS',\n    result: actionPosts\n});\nres.apiPageSize.should.be.equal(4);\nres.total.should.be.equal(12);\nres.postsList.should.eql([\n    {\n        title: '123'\n    },\n    {\n        title: '321'\n    },\n    {\n        title: '123456'\n    },\n    {\n        title: '654321'\n    },\n    {\n        title: '123'\n    },\n    {\n        title: '321'\n    },\n    {\n        title: '123456'\n    },\n    {\n        title: '654321'\n    }\n]);\nshould(res.err).not.ok();\nshould(res.loading).not.ok();",
      "err": {},
      "isRoot": false,
      "uuid": "11f5aec6-c7ba-4dde-9f4b-f19314167c21",
      "parentUUID": "2e10478b-095f-4881-9b80-e1dbe6a79ff0",
      "skipped": false
    },
    {
      "title": "不输出undefined",
      "fullTitle": "Site Reducers 不输出undefined",
      "timedOut": false,
      "duration": 0,
      "state": "passed",
      "speed": "fast",
      "pass": true,
      "fail": false,
      "pending": false,
      "code": "should(site_1.default(undefined, undefined)).be.an.Object();",
      "err": {},
      "isRoot": false,
      "uuid": "29c8b990-64ba-46a5-a25f-74b989ac29b7",
      "parentUUID": "93053ae1-f336-4a1a-b8e2-d5eab9239b3f",
      "skipped": false
    },
    {
      "title": "改变state",
      "fullTitle": "Site Reducers 改变state",
      "timedOut": false,
      "duration": 1,
      "state": "passed",
      "speed": "fast",
      "pass": true,
      "fail": false,
      "pending": false,
      "code": "should(site_1.default({ title: '321' }, {\n    type: 'CHANGE_SITE',\n    date: {\n        title: '123'\n    }\n})).be.an.Object().and.be.eql({ title: '123' });",
      "err": {},
      "isRoot": false,
      "uuid": "66eac42f-2f32-419a-a646-77037bf18197",
      "parentUUID": "93053ae1-f336-4a1a-b8e2-d5eab9239b3f",
      "skipped": false
    },
    {
      "title": "不输出undefined",
      "fullTitle": "Theme Reducers 不输出undefined",
      "timedOut": false,
      "duration": 1,
      "state": "passed",
      "speed": "fast",
      "pass": true,
      "fail": false,
      "pending": false,
      "code": "should(theme_1.default(undefined, undefined)).be.an.Object();",
      "err": {},
      "isRoot": false,
      "uuid": "85d36238-c841-4e0b-bba6-1f67ce5b7d04",
      "parentUUID": "7788b6f0-796f-4d14-a67d-b108fc39ea6b",
      "skipped": false
    },
    {
      "title": "改变state - CHANGE_MUI_THEME",
      "fullTitle": "Theme Reducers 改变state - CHANGE_MUI_THEME",
      "timedOut": false,
      "duration": 1,
      "state": "passed",
      "speed": "fast",
      "pass": true,
      "fail": false,
      "pending": false,
      "code": "should(theme_1.default({ muiTheme: { fontFamily: \"321\" } }, {\n    type: 'CHANGE_MUI_THEME',\n    muiTheme: {\n        fontFamily: \"123\"\n    }\n})).be.an.Object().and.be.eql({ muiTheme: { fontFamily: \"123\" } });",
      "err": {},
      "isRoot": false,
      "uuid": "74d2109c-7e71-4456-b91a-aecc1f0fa414",
      "parentUUID": "7788b6f0-796f-4d14-a67d-b108fc39ea6b",
      "skipped": false
    },
    {
      "title": "改变state - CHANGE_THEME",
      "fullTitle": "Theme Reducers 改变state - CHANGE_THEME",
      "timedOut": false,
      "duration": 1,
      "state": "passed",
      "speed": "fast",
      "pass": true,
      "fail": false,
      "pending": false,
      "code": "should(theme_1.default({\n    muiTheme: { fontFamily: \"321\" },\n    uiux: {\n        slogan: '321'\n    }\n}, {\n    type: 'CHANGE_THEME',\n    theme: {\n        uiux: {\n            slogan: '123'\n        }\n    }\n})).be.an.Object().and.be.eql({\n    muiTheme: {\n        fontFamily: \"321\",\n    },\n    uiux: {\n        slogan: '123'\n    }\n});",
      "err": {},
      "isRoot": false,
      "uuid": "639283fd-2c41-4252-9aaa-f5b85b91aa0c",
      "parentUUID": "7788b6f0-796f-4d14-a67d-b108fc39ea6b",
      "skipped": false
    }
  ],
  "allPending": [],
  "allPasses": [
    {
      "title": "state输出正常",
      "fullTitle": "Posts Action state输出正常",
      "timedOut": false,
      "duration": 8,
      "state": "passed",
      "speed": "fast",
      "pass": true,
      "fail": false,
      "pending": false,
      "code": "var state = posts_1.updatePostsP(1, \"1\");\nstate.should.be.an.Object();\nstate.types.should.eql([\"UPDATE_POSTS_REQUEST\", \"UPDATE_POSTS\", \"UPDATE_POSTS_FAILURE\"]);\nshould(state.promise()).be.Object().and.be.a.Promise();",
      "err": {},
      "isRoot": false,
      "uuid": "3e8005fb-bab2-4ec9-8ac6-d692b2b2ce06",
      "parentUUID": "0d033c0b-1b8c-4685-9869-75a2c98f88e9",
      "skipped": false
    },
    {
      "title": "改变mui主题",
      "fullTitle": "Theme Action 改变mui主题",
      "timedOut": false,
      "duration": 1,
      "state": "passed",
      "speed": "fast",
      "pass": true,
      "fail": false,
      "pending": false,
      "code": "var state = theme_1.changeMuiTheme(null);\nstate.should.be.an.Object();\nstate.should.eql({\n    type: 'CHANGE_MUI_THEME',\n    muiTheme: null\n});",
      "err": {},
      "isRoot": false,
      "uuid": "5cb36f64-3f15-4c79-9257-702886169252",
      "parentUUID": "21934e64-2a0d-49c5-bfa9-ae42aedc8287",
      "skipped": false
    },
    {
      "title": "改变主题设置",
      "fullTitle": "Theme Action 改变主题设置",
      "timedOut": false,
      "duration": 0,
      "state": "passed",
      "speed": "fast",
      "pass": true,
      "fail": false,
      "pending": false,
      "code": "let state = theme_1.changeTheme({\n    uiux: {\n        slogan: '123'\n    }\n});\nstate.should.be.an.Object();\nstate.should.eql({\n    type: 'CHANGE_THEME',\n    theme: {\n        uiux: {\n            slogan: '123'\n        }\n    }\n});",
      "err": {},
      "isRoot": false,
      "uuid": "f4711168-65eb-438d-8882-132f17bc4fa4",
      "parentUUID": "21934e64-2a0d-49c5-bfa9-ae42aedc8287",
      "skipped": false
    },
    {
      "title": "数组随机",
      "fullTitle": "Theme lib 数组随机",
      "timedOut": false,
      "duration": 4,
      "state": "passed",
      "speed": "fast",
      "pass": true,
      "fail": false,
      "pending": false,
      "code": "should(random_1.array_randS([1, 2, 3])).be.a.Number().and.is.oneOf([1, 2, 3]);",
      "err": {},
      "isRoot": false,
      "uuid": "6737e2a4-ec62-420f-b6c5-71b092ec7a57",
      "parentUUID": "5168e9fa-81c6-4604-9c85-d6e6b0c96ba5",
      "skipped": false
    },
    {
      "title": "数组一样结果一样",
      "fullTitle": "Theme lib 数组一样结果一样",
      "timedOut": false,
      "duration": 3,
      "state": "passed",
      "speed": "fast",
      "pass": true,
      "fail": false,
      "pending": false,
      "code": "let a = random_1.array_randS([1, 2, 3]);\nlet b = random_1.array_randS([1, 2, 3]);\nshould(a).equal(b).and.oneOf([1, 2, 3]);\nrandom_1.resetSeed();\nlet c = random_1.array_randS([4, 5, 6]);\nlet d = random_1.array_randS([4, 5, 6]);\nshould(c).equal(d).and.oneOf([4, 5, 6]);",
      "err": {},
      "isRoot": false,
      "uuid": "0da9cc02-c183-4e7a-87ee-8a6ac5e79b37",
      "parentUUID": "5168e9fa-81c6-4604-9c85-d6e6b0c96ba5",
      "skipped": false
    },
    {
      "title": "不输出undefined",
      "fullTitle": "Posts Reducers 不输出undefined",
      "timedOut": false,
      "duration": 0,
      "state": "passed",
      "speed": "fast",
      "pass": true,
      "fail": false,
      "pending": false,
      "code": "should(posts_1.default(undefined, undefined)).be.an.Object();",
      "err": {},
      "isRoot": false,
      "uuid": "b53aec27-8030-4b2f-a97a-b5a3947a825f",
      "parentUUID": "2e10478b-095f-4881-9b80-e1dbe6a79ff0",
      "skipped": false
    },
    {
      "title": "请求状态",
      "fullTitle": "Posts Reducers 请求状态",
      "timedOut": false,
      "duration": 0,
      "state": "passed",
      "speed": "fast",
      "pass": true,
      "fail": false,
      "pending": false,
      "code": "let res = posts_1.default(undefined, {\n    type: 'UPDATE_POSTS_REQUEST'\n});\nshould(res.err).not.be.ok();\nshould(res.loading).be.ok();",
      "err": {},
      "isRoot": false,
      "uuid": "2928e17f-808a-4804-9c30-35a091374747",
      "parentUUID": "2e10478b-095f-4881-9b80-e1dbe6a79ff0",
      "skipped": false
    },
    {
      "title": "err状态",
      "fullTitle": "Posts Reducers err状态",
      "timedOut": false,
      "duration": 0,
      "state": "passed",
      "speed": "fast",
      "pass": true,
      "fail": false,
      "pending": false,
      "code": "let res = posts_1.default(undefined, {\n    type: 'UPDATE_POSTS_FAILURE'\n});\nshould(res.err).be.ok();\nshould(res.loading).not.ok();",
      "err": {},
      "isRoot": false,
      "uuid": "8f2e08c4-8286-492e-bdd3-6ae81ff342fb",
      "parentUUID": "2e10478b-095f-4881-9b80-e1dbe6a79ff0",
      "skipped": false
    },
    {
      "title": "更新posts列表",
      "fullTitle": "Posts Reducers 更新posts列表",
      "timedOut": false,
      "duration": 3,
      "state": "passed",
      "speed": "fast",
      "pass": true,
      "fail": false,
      "pending": false,
      "code": "let actionPosts = {\n    total: 12,\n    pageSize: 4,\n    pageCount: 3,\n    pageIndex: 1,\n    data: [\n        {\n            title: '123'\n        },\n        {\n            title: '321'\n        },\n        {\n            title: '123456'\n        },\n        {\n            title: '654321'\n        }\n    ]\n};\nlet res = posts_1.default(undefined, {\n    type: 'UPDATE_POSTS',\n    result: actionPosts\n});\nres.apiPageSize.should.be.equal(4);\nres.total.should.be.equal(12);\nshould(res.postsList[3]).be.undefined();\nres.postsList[4].should.eql({ title: '123' });\nres.postsList[5].should.eql({ title: '321' });\nres.postsList[6].should.eql({ title: '123456' });\nres.postsList[7].should.eql({ title: '654321' });\nshould(res.err).not.ok();\nshould(res.loading).not.ok();\nres = posts_1.default({\n    total: 13,\n    loading: true,\n    err: false,\n    apiPageSize: 10,\n    postsList: [\n        {\n            title: '123'\n        },\n        {\n            title: '321'\n        },\n        {\n            title: '123456'\n        },\n        {\n            title: '654321'\n        }\n    ]\n}, {\n    type: 'UPDATE_POSTS',\n    result: actionPosts\n});\nres.apiPageSize.should.be.equal(4);\nres.total.should.be.equal(12);\nres.postsList.should.eql([\n    {\n        title: '123'\n    },\n    {\n        title: '321'\n    },\n    {\n        title: '123456'\n    },\n    {\n        title: '654321'\n    },\n    {\n        title: '123'\n    },\n    {\n        title: '321'\n    },\n    {\n        title: '123456'\n    },\n    {\n        title: '654321'\n    }\n]);\nshould(res.err).not.ok();\nshould(res.loading).not.ok();",
      "err": {},
      "isRoot": false,
      "uuid": "11f5aec6-c7ba-4dde-9f4b-f19314167c21",
      "parentUUID": "2e10478b-095f-4881-9b80-e1dbe6a79ff0",
      "skipped": false
    },
    {
      "title": "不输出undefined",
      "fullTitle": "Site Reducers 不输出undefined",
      "timedOut": false,
      "duration": 0,
      "state": "passed",
      "speed": "fast",
      "pass": true,
      "fail": false,
      "pending": false,
      "code": "should(site_1.default(undefined, undefined)).be.an.Object();",
      "err": {},
      "isRoot": false,
      "uuid": "29c8b990-64ba-46a5-a25f-74b989ac29b7",
      "parentUUID": "93053ae1-f336-4a1a-b8e2-d5eab9239b3f",
      "skipped": false
    },
    {
      "title": "改变state",
      "fullTitle": "Site Reducers 改变state",
      "timedOut": false,
      "duration": 1,
      "state": "passed",
      "speed": "fast",
      "pass": true,
      "fail": false,
      "pending": false,
      "code": "should(site_1.default({ title: '321' }, {\n    type: 'CHANGE_SITE',\n    date: {\n        title: '123'\n    }\n})).be.an.Object().and.be.eql({ title: '123' });",
      "err": {},
      "isRoot": false,
      "uuid": "66eac42f-2f32-419a-a646-77037bf18197",
      "parentUUID": "93053ae1-f336-4a1a-b8e2-d5eab9239b3f",
      "skipped": false
    },
    {
      "title": "不输出undefined",
      "fullTitle": "Theme Reducers 不输出undefined",
      "timedOut": false,
      "duration": 1,
      "state": "passed",
      "speed": "fast",
      "pass": true,
      "fail": false,
      "pending": false,
      "code": "should(theme_1.default(undefined, undefined)).be.an.Object();",
      "err": {},
      "isRoot": false,
      "uuid": "85d36238-c841-4e0b-bba6-1f67ce5b7d04",
      "parentUUID": "7788b6f0-796f-4d14-a67d-b108fc39ea6b",
      "skipped": false
    },
    {
      "title": "改变state - CHANGE_MUI_THEME",
      "fullTitle": "Theme Reducers 改变state - CHANGE_MUI_THEME",
      "timedOut": false,
      "duration": 1,
      "state": "passed",
      "speed": "fast",
      "pass": true,
      "fail": false,
      "pending": false,
      "code": "should(theme_1.default({ muiTheme: { fontFamily: \"321\" } }, {\n    type: 'CHANGE_MUI_THEME',\n    muiTheme: {\n        fontFamily: \"123\"\n    }\n})).be.an.Object().and.be.eql({ muiTheme: { fontFamily: \"123\" } });",
      "err": {},
      "isRoot": false,
      "uuid": "74d2109c-7e71-4456-b91a-aecc1f0fa414",
      "parentUUID": "7788b6f0-796f-4d14-a67d-b108fc39ea6b",
      "skipped": false
    },
    {
      "title": "改变state - CHANGE_THEME",
      "fullTitle": "Theme Reducers 改变state - CHANGE_THEME",
      "timedOut": false,
      "duration": 1,
      "state": "passed",
      "speed": "fast",
      "pass": true,
      "fail": false,
      "pending": false,
      "code": "should(theme_1.default({\n    muiTheme: { fontFamily: \"321\" },\n    uiux: {\n        slogan: '321'\n    }\n}, {\n    type: 'CHANGE_THEME',\n    theme: {\n        uiux: {\n            slogan: '123'\n        }\n    }\n})).be.an.Object().and.be.eql({\n    muiTheme: {\n        fontFamily: \"321\",\n    },\n    uiux: {\n        slogan: '123'\n    }\n});",
      "err": {},
      "isRoot": false,
      "uuid": "639283fd-2c41-4252-9aaa-f5b85b91aa0c",
      "parentUUID": "7788b6f0-796f-4d14-a67d-b108fc39ea6b",
      "skipped": false
    }
  ],
  "allFailures": [],
  "copyrightYear": 2017
}