{
  "stats": {
    "suites": 5,
    "tests": 10,
    "passes": 10,
    "pending": 0,
    "failures": 0,
    "start": "2017-02-09T02:29:35.377Z",
    "end": "2017-02-09T02:29:35.407Z",
    "duration": 30,
    "testsRegistered": 10,
    "passPercent": 100,
    "pendingPercent": 0,
    "other": 0,
    "hasOther": false,
    "skipped": 0,
    "hasSkipped": false,
    "passPercentClass": "success",
    "pendingPercentClass": "danger"
  },
  "suites": {
    "title": "",
    "suites": [
      {
        "title": "Posts Action",
        "suites": [],
        "tests": [
          {
            "title": "state输出正常",
            "fullTitle": "Posts Action state输出正常",
            "timedOut": false,
            "duration": 8,
            "state": "passed",
            "speed": "fast",
            "pass": true,
            "fail": false,
            "pending": false,
            "code": "var state = posts_1.updatePostsP(1, \"1\");\nstate.should.be.an.Object();\nstate.types.should.eql([\"UPDATE_POSTS_REQUEST\", \"UPDATE_POSTS\", \"UPDATE_POSTS_FAILURE\"]);\nshould(state.promise()).be.Object().and.be.a.Promise();",
            "err": {},
            "isRoot": false,
            "uuid": "ae13831c-c882-48db-9c01-ea04d6a3a8ba",
            "parentUUID": "9e9417b9-5c4e-4301-b25b-bbb8a49cb91c",
            "skipped": false
          }
        ],
        "pending": [],
        "root": false,
        "_timeout": 2000,
        "file": "/test/actions/posts.test.ts",
        "uuid": "9e9417b9-5c4e-4301-b25b-bbb8a49cb91c",
        "fullFile": "/home/huaji/Project/hexo-theme-design/test/actions/posts.test.ts",
        "passes": [
          {
            "title": "state输出正常",
            "fullTitle": "Posts Action state输出正常",
            "timedOut": false,
            "duration": 8,
            "state": "passed",
            "speed": "fast",
            "pass": true,
            "fail": false,
            "pending": false,
            "code": "var state = posts_1.updatePostsP(1, \"1\");\nstate.should.be.an.Object();\nstate.types.should.eql([\"UPDATE_POSTS_REQUEST\", \"UPDATE_POSTS\", \"UPDATE_POSTS_FAILURE\"]);\nshould(state.promise()).be.Object().and.be.a.Promise();",
            "err": {},
            "isRoot": false,
            "uuid": "ae13831c-c882-48db-9c01-ea04d6a3a8ba",
            "parentUUID": "9e9417b9-5c4e-4301-b25b-bbb8a49cb91c",
            "skipped": false
          }
        ],
        "failures": [],
        "skipped": [],
        "hasTests": true,
        "hasSuites": false,
        "totalTests": 1,
        "totalPasses": 1,
        "totalFailures": 0,
        "totalPending": 0,
        "totalSkipped": 0,
        "hasPasses": true,
        "hasFailures": false,
        "hasPending": false,
        "hasSkipped": false,
        "duration": 8
      },
      {
        "title": "Theme Action",
        "suites": [],
        "tests": [
          {
            "title": "changeTheme",
            "fullTitle": "Theme Action changeTheme",
            "timedOut": false,
            "duration": 1,
            "state": "passed",
            "speed": "fast",
            "pass": true,
            "fail": false,
            "pending": false,
            "code": "var state = theme_1.changeTheme(null);\nstate.should.be.an.Object();\nstate.should.eql({\n    type: 'CHANGE_THEME',\n    muiTheme: null\n});",
            "err": {},
            "isRoot": false,
            "uuid": "1e03fd9c-2677-4dc8-96ab-f40d4053dba1",
            "parentUUID": "d970250f-0ac3-4ac1-83b3-32cec96fbf70",
            "skipped": false
          }
        ],
        "pending": [],
        "root": false,
        "_timeout": 2000,
        "file": "/test/actions/theme.test.ts",
        "uuid": "d970250f-0ac3-4ac1-83b3-32cec96fbf70",
        "fullFile": "/home/huaji/Project/hexo-theme-design/test/actions/theme.test.ts",
        "passes": [
          {
            "title": "changeTheme",
            "fullTitle": "Theme Action changeTheme",
            "timedOut": false,
            "duration": 1,
            "state": "passed",
            "speed": "fast",
            "pass": true,
            "fail": false,
            "pending": false,
            "code": "var state = theme_1.changeTheme(null);\nstate.should.be.an.Object();\nstate.should.eql({\n    type: 'CHANGE_THEME',\n    muiTheme: null\n});",
            "err": {},
            "isRoot": false,
            "uuid": "1e03fd9c-2677-4dc8-96ab-f40d4053dba1",
            "parentUUID": "d970250f-0ac3-4ac1-83b3-32cec96fbf70",
            "skipped": false
          }
        ],
        "failures": [],
        "skipped": [],
        "hasTests": true,
        "hasSuites": false,
        "totalTests": 1,
        "totalPasses": 1,
        "totalFailures": 0,
        "totalPending": 0,
        "totalSkipped": 0,
        "hasPasses": true,
        "hasFailures": false,
        "hasPending": false,
        "hasSkipped": false,
        "duration": 1
      },
      {
        "title": "Posts Reducers",
        "suites": [],
        "tests": [
          {
            "title": "不输出undefined",
            "fullTitle": "Posts Reducers 不输出undefined",
            "timedOut": false,
            "duration": 0,
            "state": "passed",
            "speed": "fast",
            "pass": true,
            "fail": false,
            "pending": false,
            "code": "should(posts_1.default(undefined, undefined)).be.an.Object();",
            "err": {},
            "isRoot": false,
            "uuid": "d5368600-80a0-4148-bb8d-882b547b609b",
            "parentUUID": "951894b3-f503-4bab-9613-6a7dc1827bc2",
            "skipped": false
          },
          {
            "title": "请求状态",
            "fullTitle": "Posts Reducers 请求状态",
            "timedOut": false,
            "duration": 0,
            "state": "passed",
            "speed": "fast",
            "pass": true,
            "fail": false,
            "pending": false,
            "code": "let res = posts_1.default(undefined, {\n    type: 'UPDATE_POSTS_REQUEST'\n});\nshould(res.err).not.be.ok();\nshould(res.loading).be.ok();",
            "err": {},
            "isRoot": false,
            "uuid": "5f746fc3-32ef-4353-84cd-2715021ac8b0",
            "parentUUID": "951894b3-f503-4bab-9613-6a7dc1827bc2",
            "skipped": false
          },
          {
            "title": "err状态",
            "fullTitle": "Posts Reducers err状态",
            "timedOut": false,
            "duration": 0,
            "state": "passed",
            "speed": "fast",
            "pass": true,
            "fail": false,
            "pending": false,
            "code": "let res = posts_1.default(undefined, {\n    type: 'UPDATE_POSTS_FAILURE'\n});\nshould(res.err).be.ok();\nshould(res.loading).not.ok();",
            "err": {},
            "isRoot": false,
            "uuid": "ae169c95-c850-4472-afdd-2195eef00cb4",
            "parentUUID": "951894b3-f503-4bab-9613-6a7dc1827bc2",
            "skipped": false
          },
          {
            "title": "更新posts列表",
            "fullTitle": "Posts Reducers 更新posts列表",
            "timedOut": false,
            "duration": 4,
            "state": "passed",
            "speed": "fast",
            "pass": true,
            "fail": false,
            "pending": false,
            "code": "let actionPosts = {\n    total: 12,\n    pageSize: 4,\n    pageCount: 3,\n    pageIndex: 1,\n    data: [\n        {\n            title: '123'\n        },\n        {\n            title: '321'\n        },\n        {\n            title: '123456'\n        },\n        {\n            title: '654321'\n        }\n    ]\n};\nlet res = posts_1.default(undefined, {\n    type: 'UPDATE_POSTS',\n    result: actionPosts\n});\nres.apiPageSize.should.be.equal(4);\nres.total.should.be.equal(12);\nshould(res.postsList[3]).be.undefined();\nres.postsList[4].should.eql({ title: '123' });\nres.postsList[5].should.eql({ title: '321' });\nres.postsList[6].should.eql({ title: '123456' });\nres.postsList[7].should.eql({ title: '654321' });\nshould(res.err).not.ok();\nshould(res.loading).not.ok();\nres = posts_1.default({\n    total: 13,\n    loading: true,\n    err: false,\n    apiPageSize: 10,\n    postsList: [\n        {\n            title: '123'\n        },\n        {\n            title: '321'\n        },\n        {\n            title: '123456'\n        },\n        {\n            title: '654321'\n        }\n    ]\n}, {\n    type: 'UPDATE_POSTS',\n    result: actionPosts\n});\nres.apiPageSize.should.be.equal(4);\nres.total.should.be.equal(12);\nres.postsList.should.eql([\n    {\n        title: '123'\n    },\n    {\n        title: '321'\n    },\n    {\n        title: '123456'\n    },\n    {\n        title: '654321'\n    },\n    {\n        title: '123'\n    },\n    {\n        title: '321'\n    },\n    {\n        title: '123456'\n    },\n    {\n        title: '654321'\n    }\n]);\nshould(res.err).not.ok();\nshould(res.loading).not.ok();",
            "err": {},
            "isRoot": false,
            "uuid": "153a01d9-8a90-470e-964b-e69d093c50f8",
            "parentUUID": "951894b3-f503-4bab-9613-6a7dc1827bc2",
            "skipped": false
          }
        ],
        "pending": [],
        "root": false,
        "_timeout": 2000,
        "file": "/test/reducers/posts.test.ts",
        "uuid": "951894b3-f503-4bab-9613-6a7dc1827bc2",
        "fullFile": "/home/huaji/Project/hexo-theme-design/test/reducers/posts.test.ts",
        "passes": [
          {
            "title": "不输出undefined",
            "fullTitle": "Posts Reducers 不输出undefined",
            "timedOut": false,
            "duration": 0,
            "state": "passed",
            "speed": "fast",
            "pass": true,
            "fail": false,
            "pending": false,
            "code": "should(posts_1.default(undefined, undefined)).be.an.Object();",
            "err": {},
            "isRoot": false,
            "uuid": "d5368600-80a0-4148-bb8d-882b547b609b",
            "parentUUID": "951894b3-f503-4bab-9613-6a7dc1827bc2",
            "skipped": false
          },
          {
            "title": "请求状态",
            "fullTitle": "Posts Reducers 请求状态",
            "timedOut": false,
            "duration": 0,
            "state": "passed",
            "speed": "fast",
            "pass": true,
            "fail": false,
            "pending": false,
            "code": "let res = posts_1.default(undefined, {\n    type: 'UPDATE_POSTS_REQUEST'\n});\nshould(res.err).not.be.ok();\nshould(res.loading).be.ok();",
            "err": {},
            "isRoot": false,
            "uuid": "5f746fc3-32ef-4353-84cd-2715021ac8b0",
            "parentUUID": "951894b3-f503-4bab-9613-6a7dc1827bc2",
            "skipped": false
          },
          {
            "title": "err状态",
            "fullTitle": "Posts Reducers err状态",
            "timedOut": false,
            "duration": 0,
            "state": "passed",
            "speed": "fast",
            "pass": true,
            "fail": false,
            "pending": false,
            "code": "let res = posts_1.default(undefined, {\n    type: 'UPDATE_POSTS_FAILURE'\n});\nshould(res.err).be.ok();\nshould(res.loading).not.ok();",
            "err": {},
            "isRoot": false,
            "uuid": "ae169c95-c850-4472-afdd-2195eef00cb4",
            "parentUUID": "951894b3-f503-4bab-9613-6a7dc1827bc2",
            "skipped": false
          },
          {
            "title": "更新posts列表",
            "fullTitle": "Posts Reducers 更新posts列表",
            "timedOut": false,
            "duration": 4,
            "state": "passed",
            "speed": "fast",
            "pass": true,
            "fail": false,
            "pending": false,
            "code": "let actionPosts = {\n    total: 12,\n    pageSize: 4,\n    pageCount: 3,\n    pageIndex: 1,\n    data: [\n        {\n            title: '123'\n        },\n        {\n            title: '321'\n        },\n        {\n            title: '123456'\n        },\n        {\n            title: '654321'\n        }\n    ]\n};\nlet res = posts_1.default(undefined, {\n    type: 'UPDATE_POSTS',\n    result: actionPosts\n});\nres.apiPageSize.should.be.equal(4);\nres.total.should.be.equal(12);\nshould(res.postsList[3]).be.undefined();\nres.postsList[4].should.eql({ title: '123' });\nres.postsList[5].should.eql({ title: '321' });\nres.postsList[6].should.eql({ title: '123456' });\nres.postsList[7].should.eql({ title: '654321' });\nshould(res.err).not.ok();\nshould(res.loading).not.ok();\nres = posts_1.default({\n    total: 13,\n    loading: true,\n    err: false,\n    apiPageSize: 10,\n    postsList: [\n        {\n            title: '123'\n        },\n        {\n            title: '321'\n        },\n        {\n            title: '123456'\n        },\n        {\n            title: '654321'\n        }\n    ]\n}, {\n    type: 'UPDATE_POSTS',\n    result: actionPosts\n});\nres.apiPageSize.should.be.equal(4);\nres.total.should.be.equal(12);\nres.postsList.should.eql([\n    {\n        title: '123'\n    },\n    {\n        title: '321'\n    },\n    {\n        title: '123456'\n    },\n    {\n        title: '654321'\n    },\n    {\n        title: '123'\n    },\n    {\n        title: '321'\n    },\n    {\n        title: '123456'\n    },\n    {\n        title: '654321'\n    }\n]);\nshould(res.err).not.ok();\nshould(res.loading).not.ok();",
            "err": {},
            "isRoot": false,
            "uuid": "153a01d9-8a90-470e-964b-e69d093c50f8",
            "parentUUID": "951894b3-f503-4bab-9613-6a7dc1827bc2",
            "skipped": false
          }
        ],
        "failures": [],
        "skipped": [],
        "hasTests": true,
        "hasSuites": false,
        "totalTests": 4,
        "totalPasses": 4,
        "totalFailures": 0,
        "totalPending": 0,
        "totalSkipped": 0,
        "hasPasses": true,
        "hasFailures": false,
        "hasPending": false,
        "hasSkipped": false,
        "duration": 4
      },
      {
        "title": "Site Reducers",
        "suites": [],
        "tests": [
          {
            "title": "不输出undefined",
            "fullTitle": "Site Reducers 不输出undefined",
            "timedOut": false,
            "duration": 0,
            "state": "passed",
            "speed": "fast",
            "pass": true,
            "fail": false,
            "pending": false,
            "code": "should(site_1.default(undefined, undefined)).be.an.Object();",
            "err": {},
            "isRoot": false,
            "uuid": "af4c62c1-0b07-45b9-9346-3326120190c0",
            "parentUUID": "1ec5ab1e-f240-4366-bea2-2e79f67471cf",
            "skipped": false
          },
          {
            "title": "改变state",
            "fullTitle": "Site Reducers 改变state",
            "timedOut": false,
            "duration": 1,
            "state": "passed",
            "speed": "fast",
            "pass": true,
            "fail": false,
            "pending": false,
            "code": "should(site_1.default({ title: '321' }, {\n    type: 'CHANGE_SITE',\n    date: {\n        title: '123'\n    }\n})).be.an.Object().and.be.eql({ title: '123' });",
            "err": {},
            "isRoot": false,
            "uuid": "3681ddd2-0249-4756-be88-6f616207f5f7",
            "parentUUID": "1ec5ab1e-f240-4366-bea2-2e79f67471cf",
            "skipped": false
          }
        ],
        "pending": [],
        "root": false,
        "_timeout": 2000,
        "file": "/test/reducers/site.test.ts",
        "uuid": "1ec5ab1e-f240-4366-bea2-2e79f67471cf",
        "fullFile": "/home/huaji/Project/hexo-theme-design/test/reducers/site.test.ts",
        "passes": [
          {
            "title": "不输出undefined",
            "fullTitle": "Site Reducers 不输出undefined",
            "timedOut": false,
            "duration": 0,
            "state": "passed",
            "speed": "fast",
            "pass": true,
            "fail": false,
            "pending": false,
            "code": "should(site_1.default(undefined, undefined)).be.an.Object();",
            "err": {},
            "isRoot": false,
            "uuid": "af4c62c1-0b07-45b9-9346-3326120190c0",
            "parentUUID": "1ec5ab1e-f240-4366-bea2-2e79f67471cf",
            "skipped": false
          },
          {
            "title": "改变state",
            "fullTitle": "Site Reducers 改变state",
            "timedOut": false,
            "duration": 1,
            "state": "passed",
            "speed": "fast",
            "pass": true,
            "fail": false,
            "pending": false,
            "code": "should(site_1.default({ title: '321' }, {\n    type: 'CHANGE_SITE',\n    date: {\n        title: '123'\n    }\n})).be.an.Object().and.be.eql({ title: '123' });",
            "err": {},
            "isRoot": false,
            "uuid": "3681ddd2-0249-4756-be88-6f616207f5f7",
            "parentUUID": "1ec5ab1e-f240-4366-bea2-2e79f67471cf",
            "skipped": false
          }
        ],
        "failures": [],
        "skipped": [],
        "hasTests": true,
        "hasSuites": false,
        "totalTests": 2,
        "totalPasses": 2,
        "totalFailures": 0,
        "totalPending": 0,
        "totalSkipped": 0,
        "hasPasses": true,
        "hasFailures": false,
        "hasPending": false,
        "hasSkipped": false,
        "duration": 1
      },
      {
        "title": "Theme Reducers",
        "suites": [],
        "tests": [
          {
            "title": "不输出undefined",
            "fullTitle": "Theme Reducers 不输出undefined",
            "timedOut": false,
            "duration": 0,
            "state": "passed",
            "speed": "fast",
            "pass": true,
            "fail": false,
            "pending": false,
            "code": "should(theme_1.default(undefined, undefined)).be.an.Object();",
            "err": {},
            "isRoot": false,
            "uuid": "340bc245-e43f-4a80-9099-5998080e6e30",
            "parentUUID": "f6bb1c1e-0dc7-4dc8-af6d-057b72be0d1c",
            "skipped": false
          },
          {
            "title": "改变state",
            "fullTitle": "Theme Reducers 改变state",
            "timedOut": false,
            "duration": 0,
            "state": "passed",
            "speed": "fast",
            "pass": true,
            "fail": false,
            "pending": false,
            "code": "should(theme_1.default({ muiTheme: { fontFamily: \"321\" } }, {\n    type: 'CHANGE_THEME',\n    muiTheme: {\n        fontFamily: \"123\"\n    }\n})).be.an.Object().and.be.eql({ muiTheme: { fontFamily: \"123\" } });",
            "err": {},
            "isRoot": false,
            "uuid": "ca4a737d-e46a-4244-ba63-e6e0c10180da",
            "parentUUID": "f6bb1c1e-0dc7-4dc8-af6d-057b72be0d1c",
            "skipped": false
          }
        ],
        "pending": [],
        "root": false,
        "_timeout": 2000,
        "file": "/test/reducers/theme.test.ts",
        "uuid": "f6bb1c1e-0dc7-4dc8-af6d-057b72be0d1c",
        "fullFile": "/home/huaji/Project/hexo-theme-design/test/reducers/theme.test.ts",
        "passes": [
          {
            "title": "不输出undefined",
            "fullTitle": "Theme Reducers 不输出undefined",
            "timedOut": false,
            "duration": 0,
            "state": "passed",
            "speed": "fast",
            "pass": true,
            "fail": false,
            "pending": false,
            "code": "should(theme_1.default(undefined, undefined)).be.an.Object();",
            "err": {},
            "isRoot": false,
            "uuid": "340bc245-e43f-4a80-9099-5998080e6e30",
            "parentUUID": "f6bb1c1e-0dc7-4dc8-af6d-057b72be0d1c",
            "skipped": false
          },
          {
            "title": "改变state",
            "fullTitle": "Theme Reducers 改变state",
            "timedOut": false,
            "duration": 0,
            "state": "passed",
            "speed": "fast",
            "pass": true,
            "fail": false,
            "pending": false,
            "code": "should(theme_1.default({ muiTheme: { fontFamily: \"321\" } }, {\n    type: 'CHANGE_THEME',\n    muiTheme: {\n        fontFamily: \"123\"\n    }\n})).be.an.Object().and.be.eql({ muiTheme: { fontFamily: \"123\" } });",
            "err": {},
            "isRoot": false,
            "uuid": "ca4a737d-e46a-4244-ba63-e6e0c10180da",
            "parentUUID": "f6bb1c1e-0dc7-4dc8-af6d-057b72be0d1c",
            "skipped": false
          }
        ],
        "failures": [],
        "skipped": [],
        "hasTests": true,
        "hasSuites": false,
        "totalTests": 2,
        "totalPasses": 2,
        "totalFailures": 0,
        "totalPending": 0,
        "totalSkipped": 0,
        "hasPasses": true,
        "hasFailures": false,
        "hasPending": false,
        "hasSkipped": false,
        "duration": 0
      }
    ],
    "tests": [],
    "pending": [],
    "root": true,
    "_timeout": 2000,
    "uuid": "26e517f4-5775-4488-94c5-5ed62fce6df8",
    "fullFile": "",
    "file": "",
    "passes": [],
    "failures": [],
    "skipped": [],
    "hasTests": false,
    "hasSuites": true,
    "totalTests": 0,
    "totalPasses": 0,
    "totalFailures": 0,
    "totalPending": 0,
    "totalSkipped": 0,
    "hasPasses": false,
    "hasFailures": false,
    "hasPending": false,
    "hasSkipped": false,
    "duration": 0,
    "rootEmpty": true
  },
  "allTests": [
    {
      "title": "state输出正常",
      "fullTitle": "Posts Action state输出正常",
      "timedOut": false,
      "duration": 8,
      "state": "passed",
      "speed": "fast",
      "pass": true,
      "fail": false,
      "pending": false,
      "code": "var state = posts_1.updatePostsP(1, \"1\");\nstate.should.be.an.Object();\nstate.types.should.eql([\"UPDATE_POSTS_REQUEST\", \"UPDATE_POSTS\", \"UPDATE_POSTS_FAILURE\"]);\nshould(state.promise()).be.Object().and.be.a.Promise();",
      "err": {},
      "isRoot": false,
      "uuid": "ae13831c-c882-48db-9c01-ea04d6a3a8ba",
      "parentUUID": "9e9417b9-5c4e-4301-b25b-bbb8a49cb91c",
      "skipped": false
    },
    {
      "title": "changeTheme",
      "fullTitle": "Theme Action changeTheme",
      "timedOut": false,
      "duration": 1,
      "state": "passed",
      "speed": "fast",
      "pass": true,
      "fail": false,
      "pending": false,
      "code": "var state = theme_1.changeTheme(null);\nstate.should.be.an.Object();\nstate.should.eql({\n    type: 'CHANGE_THEME',\n    muiTheme: null\n});",
      "err": {},
      "isRoot": false,
      "uuid": "1e03fd9c-2677-4dc8-96ab-f40d4053dba1",
      "parentUUID": "d970250f-0ac3-4ac1-83b3-32cec96fbf70",
      "skipped": false
    },
    {
      "title": "不输出undefined",
      "fullTitle": "Posts Reducers 不输出undefined",
      "timedOut": false,
      "duration": 0,
      "state": "passed",
      "speed": "fast",
      "pass": true,
      "fail": false,
      "pending": false,
      "code": "should(posts_1.default(undefined, undefined)).be.an.Object();",
      "err": {},
      "isRoot": false,
      "uuid": "d5368600-80a0-4148-bb8d-882b547b609b",
      "parentUUID": "951894b3-f503-4bab-9613-6a7dc1827bc2",
      "skipped": false
    },
    {
      "title": "请求状态",
      "fullTitle": "Posts Reducers 请求状态",
      "timedOut": false,
      "duration": 0,
      "state": "passed",
      "speed": "fast",
      "pass": true,
      "fail": false,
      "pending": false,
      "code": "let res = posts_1.default(undefined, {\n    type: 'UPDATE_POSTS_REQUEST'\n});\nshould(res.err).not.be.ok();\nshould(res.loading).be.ok();",
      "err": {},
      "isRoot": false,
      "uuid": "5f746fc3-32ef-4353-84cd-2715021ac8b0",
      "parentUUID": "951894b3-f503-4bab-9613-6a7dc1827bc2",
      "skipped": false
    },
    {
      "title": "err状态",
      "fullTitle": "Posts Reducers err状态",
      "timedOut": false,
      "duration": 0,
      "state": "passed",
      "speed": "fast",
      "pass": true,
      "fail": false,
      "pending": false,
      "code": "let res = posts_1.default(undefined, {\n    type: 'UPDATE_POSTS_FAILURE'\n});\nshould(res.err).be.ok();\nshould(res.loading).not.ok();",
      "err": {},
      "isRoot": false,
      "uuid": "ae169c95-c850-4472-afdd-2195eef00cb4",
      "parentUUID": "951894b3-f503-4bab-9613-6a7dc1827bc2",
      "skipped": false
    },
    {
      "title": "更新posts列表",
      "fullTitle": "Posts Reducers 更新posts列表",
      "timedOut": false,
      "duration": 4,
      "state": "passed",
      "speed": "fast",
      "pass": true,
      "fail": false,
      "pending": false,
      "code": "let actionPosts = {\n    total: 12,\n    pageSize: 4,\n    pageCount: 3,\n    pageIndex: 1,\n    data: [\n        {\n            title: '123'\n        },\n        {\n            title: '321'\n        },\n        {\n            title: '123456'\n        },\n        {\n            title: '654321'\n        }\n    ]\n};\nlet res = posts_1.default(undefined, {\n    type: 'UPDATE_POSTS',\n    result: actionPosts\n});\nres.apiPageSize.should.be.equal(4);\nres.total.should.be.equal(12);\nshould(res.postsList[3]).be.undefined();\nres.postsList[4].should.eql({ title: '123' });\nres.postsList[5].should.eql({ title: '321' });\nres.postsList[6].should.eql({ title: '123456' });\nres.postsList[7].should.eql({ title: '654321' });\nshould(res.err).not.ok();\nshould(res.loading).not.ok();\nres = posts_1.default({\n    total: 13,\n    loading: true,\n    err: false,\n    apiPageSize: 10,\n    postsList: [\n        {\n            title: '123'\n        },\n        {\n            title: '321'\n        },\n        {\n            title: '123456'\n        },\n        {\n            title: '654321'\n        }\n    ]\n}, {\n    type: 'UPDATE_POSTS',\n    result: actionPosts\n});\nres.apiPageSize.should.be.equal(4);\nres.total.should.be.equal(12);\nres.postsList.should.eql([\n    {\n        title: '123'\n    },\n    {\n        title: '321'\n    },\n    {\n        title: '123456'\n    },\n    {\n        title: '654321'\n    },\n    {\n        title: '123'\n    },\n    {\n        title: '321'\n    },\n    {\n        title: '123456'\n    },\n    {\n        title: '654321'\n    }\n]);\nshould(res.err).not.ok();\nshould(res.loading).not.ok();",
      "err": {},
      "isRoot": false,
      "uuid": "153a01d9-8a90-470e-964b-e69d093c50f8",
      "parentUUID": "951894b3-f503-4bab-9613-6a7dc1827bc2",
      "skipped": false
    },
    {
      "title": "不输出undefined",
      "fullTitle": "Site Reducers 不输出undefined",
      "timedOut": false,
      "duration": 0,
      "state": "passed",
      "speed": "fast",
      "pass": true,
      "fail": false,
      "pending": false,
      "code": "should(site_1.default(undefined, undefined)).be.an.Object();",
      "err": {},
      "isRoot": false,
      "uuid": "af4c62c1-0b07-45b9-9346-3326120190c0",
      "parentUUID": "1ec5ab1e-f240-4366-bea2-2e79f67471cf",
      "skipped": false
    },
    {
      "title": "改变state",
      "fullTitle": "Site Reducers 改变state",
      "timedOut": false,
      "duration": 1,
      "state": "passed",
      "speed": "fast",
      "pass": true,
      "fail": false,
      "pending": false,
      "code": "should(site_1.default({ title: '321' }, {\n    type: 'CHANGE_SITE',\n    date: {\n        title: '123'\n    }\n})).be.an.Object().and.be.eql({ title: '123' });",
      "err": {},
      "isRoot": false,
      "uuid": "3681ddd2-0249-4756-be88-6f616207f5f7",
      "parentUUID": "1ec5ab1e-f240-4366-bea2-2e79f67471cf",
      "skipped": false
    },
    {
      "title": "不输出undefined",
      "fullTitle": "Theme Reducers 不输出undefined",
      "timedOut": false,
      "duration": 0,
      "state": "passed",
      "speed": "fast",
      "pass": true,
      "fail": false,
      "pending": false,
      "code": "should(theme_1.default(undefined, undefined)).be.an.Object();",
      "err": {},
      "isRoot": false,
      "uuid": "340bc245-e43f-4a80-9099-5998080e6e30",
      "parentUUID": "f6bb1c1e-0dc7-4dc8-af6d-057b72be0d1c",
      "skipped": false
    },
    {
      "title": "改变state",
      "fullTitle": "Theme Reducers 改变state",
      "timedOut": false,
      "duration": 0,
      "state": "passed",
      "speed": "fast",
      "pass": true,
      "fail": false,
      "pending": false,
      "code": "should(theme_1.default({ muiTheme: { fontFamily: \"321\" } }, {\n    type: 'CHANGE_THEME',\n    muiTheme: {\n        fontFamily: \"123\"\n    }\n})).be.an.Object().and.be.eql({ muiTheme: { fontFamily: \"123\" } });",
      "err": {},
      "isRoot": false,
      "uuid": "ca4a737d-e46a-4244-ba63-e6e0c10180da",
      "parentUUID": "f6bb1c1e-0dc7-4dc8-af6d-057b72be0d1c",
      "skipped": false
    }
  ],
  "allPending": [],
  "allPasses": [
    {
      "title": "state输出正常",
      "fullTitle": "Posts Action state输出正常",
      "timedOut": false,
      "duration": 8,
      "state": "passed",
      "speed": "fast",
      "pass": true,
      "fail": false,
      "pending": false,
      "code": "var state = posts_1.updatePostsP(1, \"1\");\nstate.should.be.an.Object();\nstate.types.should.eql([\"UPDATE_POSTS_REQUEST\", \"UPDATE_POSTS\", \"UPDATE_POSTS_FAILURE\"]);\nshould(state.promise()).be.Object().and.be.a.Promise();",
      "err": {},
      "isRoot": false,
      "uuid": "ae13831c-c882-48db-9c01-ea04d6a3a8ba",
      "parentUUID": "9e9417b9-5c4e-4301-b25b-bbb8a49cb91c",
      "skipped": false
    },
    {
      "title": "changeTheme",
      "fullTitle": "Theme Action changeTheme",
      "timedOut": false,
      "duration": 1,
      "state": "passed",
      "speed": "fast",
      "pass": true,
      "fail": false,
      "pending": false,
      "code": "var state = theme_1.changeTheme(null);\nstate.should.be.an.Object();\nstate.should.eql({\n    type: 'CHANGE_THEME',\n    muiTheme: null\n});",
      "err": {},
      "isRoot": false,
      "uuid": "1e03fd9c-2677-4dc8-96ab-f40d4053dba1",
      "parentUUID": "d970250f-0ac3-4ac1-83b3-32cec96fbf70",
      "skipped": false
    },
    {
      "title": "不输出undefined",
      "fullTitle": "Posts Reducers 不输出undefined",
      "timedOut": false,
      "duration": 0,
      "state": "passed",
      "speed": "fast",
      "pass": true,
      "fail": false,
      "pending": false,
      "code": "should(posts_1.default(undefined, undefined)).be.an.Object();",
      "err": {},
      "isRoot": false,
      "uuid": "d5368600-80a0-4148-bb8d-882b547b609b",
      "parentUUID": "951894b3-f503-4bab-9613-6a7dc1827bc2",
      "skipped": false
    },
    {
      "title": "请求状态",
      "fullTitle": "Posts Reducers 请求状态",
      "timedOut": false,
      "duration": 0,
      "state": "passed",
      "speed": "fast",
      "pass": true,
      "fail": false,
      "pending": false,
      "code": "let res = posts_1.default(undefined, {\n    type: 'UPDATE_POSTS_REQUEST'\n});\nshould(res.err).not.be.ok();\nshould(res.loading).be.ok();",
      "err": {},
      "isRoot": false,
      "uuid": "5f746fc3-32ef-4353-84cd-2715021ac8b0",
      "parentUUID": "951894b3-f503-4bab-9613-6a7dc1827bc2",
      "skipped": false
    },
    {
      "title": "err状态",
      "fullTitle": "Posts Reducers err状态",
      "timedOut": false,
      "duration": 0,
      "state": "passed",
      "speed": "fast",
      "pass": true,
      "fail": false,
      "pending": false,
      "code": "let res = posts_1.default(undefined, {\n    type: 'UPDATE_POSTS_FAILURE'\n});\nshould(res.err).be.ok();\nshould(res.loading).not.ok();",
      "err": {},
      "isRoot": false,
      "uuid": "ae169c95-c850-4472-afdd-2195eef00cb4",
      "parentUUID": "951894b3-f503-4bab-9613-6a7dc1827bc2",
      "skipped": false
    },
    {
      "title": "更新posts列表",
      "fullTitle": "Posts Reducers 更新posts列表",
      "timedOut": false,
      "duration": 4,
      "state": "passed",
      "speed": "fast",
      "pass": true,
      "fail": false,
      "pending": false,
      "code": "let actionPosts = {\n    total: 12,\n    pageSize: 4,\n    pageCount: 3,\n    pageIndex: 1,\n    data: [\n        {\n            title: '123'\n        },\n        {\n            title: '321'\n        },\n        {\n            title: '123456'\n        },\n        {\n            title: '654321'\n        }\n    ]\n};\nlet res = posts_1.default(undefined, {\n    type: 'UPDATE_POSTS',\n    result: actionPosts\n});\nres.apiPageSize.should.be.equal(4);\nres.total.should.be.equal(12);\nshould(res.postsList[3]).be.undefined();\nres.postsList[4].should.eql({ title: '123' });\nres.postsList[5].should.eql({ title: '321' });\nres.postsList[6].should.eql({ title: '123456' });\nres.postsList[7].should.eql({ title: '654321' });\nshould(res.err).not.ok();\nshould(res.loading).not.ok();\nres = posts_1.default({\n    total: 13,\n    loading: true,\n    err: false,\n    apiPageSize: 10,\n    postsList: [\n        {\n            title: '123'\n        },\n        {\n            title: '321'\n        },\n        {\n            title: '123456'\n        },\n        {\n            title: '654321'\n        }\n    ]\n}, {\n    type: 'UPDATE_POSTS',\n    result: actionPosts\n});\nres.apiPageSize.should.be.equal(4);\nres.total.should.be.equal(12);\nres.postsList.should.eql([\n    {\n        title: '123'\n    },\n    {\n        title: '321'\n    },\n    {\n        title: '123456'\n    },\n    {\n        title: '654321'\n    },\n    {\n        title: '123'\n    },\n    {\n        title: '321'\n    },\n    {\n        title: '123456'\n    },\n    {\n        title: '654321'\n    }\n]);\nshould(res.err).not.ok();\nshould(res.loading).not.ok();",
      "err": {},
      "isRoot": false,
      "uuid": "153a01d9-8a90-470e-964b-e69d093c50f8",
      "parentUUID": "951894b3-f503-4bab-9613-6a7dc1827bc2",
      "skipped": false
    },
    {
      "title": "不输出undefined",
      "fullTitle": "Site Reducers 不输出undefined",
      "timedOut": false,
      "duration": 0,
      "state": "passed",
      "speed": "fast",
      "pass": true,
      "fail": false,
      "pending": false,
      "code": "should(site_1.default(undefined, undefined)).be.an.Object();",
      "err": {},
      "isRoot": false,
      "uuid": "af4c62c1-0b07-45b9-9346-3326120190c0",
      "parentUUID": "1ec5ab1e-f240-4366-bea2-2e79f67471cf",
      "skipped": false
    },
    {
      "title": "改变state",
      "fullTitle": "Site Reducers 改变state",
      "timedOut": false,
      "duration": 1,
      "state": "passed",
      "speed": "fast",
      "pass": true,
      "fail": false,
      "pending": false,
      "code": "should(site_1.default({ title: '321' }, {\n    type: 'CHANGE_SITE',\n    date: {\n        title: '123'\n    }\n})).be.an.Object().and.be.eql({ title: '123' });",
      "err": {},
      "isRoot": false,
      "uuid": "3681ddd2-0249-4756-be88-6f616207f5f7",
      "parentUUID": "1ec5ab1e-f240-4366-bea2-2e79f67471cf",
      "skipped": false
    },
    {
      "title": "不输出undefined",
      "fullTitle": "Theme Reducers 不输出undefined",
      "timedOut": false,
      "duration": 0,
      "state": "passed",
      "speed": "fast",
      "pass": true,
      "fail": false,
      "pending": false,
      "code": "should(theme_1.default(undefined, undefined)).be.an.Object();",
      "err": {},
      "isRoot": false,
      "uuid": "340bc245-e43f-4a80-9099-5998080e6e30",
      "parentUUID": "f6bb1c1e-0dc7-4dc8-af6d-057b72be0d1c",
      "skipped": false
    },
    {
      "title": "改变state",
      "fullTitle": "Theme Reducers 改变state",
      "timedOut": false,
      "duration": 0,
      "state": "passed",
      "speed": "fast",
      "pass": true,
      "fail": false,
      "pending": false,
      "code": "should(theme_1.default({ muiTheme: { fontFamily: \"321\" } }, {\n    type: 'CHANGE_THEME',\n    muiTheme: {\n        fontFamily: \"123\"\n    }\n})).be.an.Object().and.be.eql({ muiTheme: { fontFamily: \"123\" } });",
      "err": {},
      "isRoot": false,
      "uuid": "ca4a737d-e46a-4244-ba63-e6e0c10180da",
      "parentUUID": "f6bb1c1e-0dc7-4dc8-af6d-057b72be0d1c",
      "skipped": false
    }
  ],
  "allFailures": [],
  "copyrightYear": 2017
}